<?xml version="1.0" encoding="UTF-8"?>
<!-- Generated by org.testng.reporters.JUnitXMLReporter -->
<testsuite ignored="3" hostname="DESKTOP-A60CBK5" failures="0" tests="3" name="RegressionTest" time="0.184" errors="0" timestamp="2022-11-10T17:16:34 IST">
  <testcase classname="TESTNG_BASICS.MI" name="Login" time="0.031"/>
  <testcase classname="TESTNG_BASICS.MI" name="Register" time="0.018"/>
  <testcase classname="TESTNG_BASICS.M2" name="Search" time="0.014"/>
  <testcase classname="TESTNG_BASICS.MI" name="Logout" time="0.0">
    <ignored/>
  </testcase> <!-- Logout -->
  <testcase classname="TESTNG_BASICS.M2" name="AdvancedSearch" time="0.0">
    <ignored/>
  </testcase> <!-- AdvancedSearch -->
  <testcase classname="TESTNG_BASICS.M2" name="wishlist" time="0.0">
    <ignored/>
  </testcase> <!-- wishlist -->
</testsuite> <!-- RegressionTest -->
